<?xml version="1.0" encoding="UTF-8"?>
<testsuite xmlns:xsi="http://www.w3.org/2001/XMLSchema-instance" xsi:noNamespaceSchemaLocation="https://maven.apache.org/surefire/maven-surefire-plugin/xsd/surefire-test-report-3.0.xsd" version="3.0" name="org.apache.arrow.flight.spark.TestConnector" time="4.119" tests="4" errors="0" skipped="0" failures="0">
  <properties>
[...]
</properties>
  <testcase name="testSql" classname="org.apache.arrow.flight.spark.TestConnector" time="1.967"/>
  <testcase name="testRead" classname="org.apache.arrow.flight.spark.TestConnector" time="0.119"/>
  <testcase name="testProject" classname="org.apache.arrow.flight.spark.TestConnector" time="0.179"/>
  <testcase name="testConnect" classname="org.apache.arrow.flight.spark.TestConnector" time="0.01"/>
</testsuite>